[debug] [2025-08-04T07:51:54.715Z] ----------------------------------------------------------------------
[debug] [2025-08-04T07:51:54.718Z] Command:       C:\Program Files\nodejs\node.exe C:\Users\KRISHNA\AppData\Roaming\npm\node_modules\firebase-tools\lib\bin\firebase.js init
[debug] [2025-08-04T07:51:54.718Z] CLI Version:   14.11.2
[debug] [2025-08-04T07:51:54.718Z] Platform:      win32
[debug] [2025-08-04T07:51:54.718Z] Node Version:  v22.17.1
[debug] [2025-08-04T07:51:54.718Z] Time:          Mon Aug 04 2025 13:21:54 GMT+0530 (India Standard Time)
[debug] [2025-08-04T07:51:54.718Z] ----------------------------------------------------------------------
[debug] 
[debug] [2025-08-04T07:51:54.912Z] > command requires scopes: ["email","openid","https://www.googleapis.com/auth/cloudplatformprojects.readonly","https://www.googleapis.com/auth/firebase","https://www.googleapis.com/auth/cloud-platform"]
[debug] [2025-08-04T07:51:54.913Z] > authorizing via signed-in user (krishnarohra007@gmail.com)
[info] 
     ######## #### ########  ######## ########     ###     ######  ########
     ##        ##  ##     ## ##       ##     ##  ##   ##  ##       ##
     ######    ##  ########  ######   ########  #########  ######  ######
     ##        ##  ##    ##  ##       ##     ## ##     ##       ## ##
     ##       #### ##     ## ######## ########  ##     ##  ######  ########

You're about to initialize a Firebase project in this directory:

  C:\Users\KRISHNA

Before we get started, keep in mind:

  * You are initializing within an existing Firebase project directory

[info] 
=== Project Setup
[info] 
[info] First, let's associate this project directory with a Firebase project.
[info] You can create multiple project aliases by running firebase use --add, 
[info] but for now we'll just set up a default project.
[info] 
[debug] [2025-08-04T07:52:59.121Z] Using project from CLI flag: trial-a3a59
[debug] [2025-08-04T07:52:59.122Z] Checked if tokens are valid: false, expires at: 1753729175016
[debug] [2025-08-04T07:52:59.122Z] Checked if tokens are valid: false, expires at: 1753729175016
[debug] [2025-08-04T07:52:59.122Z] > refreshing access token with scopes: []
[debug] [2025-08-04T07:52:59.124Z] >>> [apiv2][query] POST https://www.googleapis.com/oauth2/v3/token [none]
[debug] [2025-08-04T07:52:59.125Z] >>> [apiv2][body] POST https://www.googleapis.com/oauth2/v3/token [omitted]
[debug] [2025-08-04T07:52:59.308Z] <<< [apiv2][status] POST https://www.googleapis.com/oauth2/v3/token 400
[debug] [2025-08-04T07:52:59.309Z] <<< [apiv2][body] POST https://www.googleapis.com/oauth2/v3/token [omitted]
[debug] [2025-08-04T07:52:59.309Z] >>> [apiv2][query] GET https://firebase.googleapis.com/v1beta1/projects/trial-a3a59 [none]
[debug] [2025-08-04T07:52:59.849Z] <<< [apiv2][status] GET https://firebase.googleapis.com/v1beta1/projects/trial-a3a59 401
[debug] [2025-08-04T07:52:59.850Z] <<< [apiv2][body] GET https://firebase.googleapis.com/v1beta1/projects/trial-a3a59 {"error":{"code":401,"message":"Request had invalid authentication credentials. Expected OAuth 2 access token, login cookie or other valid authentication credential. See https://developers.google.com/identity/sign-in/web/devconsole-project.","status":"UNAUTHENTICATED"}}
[debug] [2025-08-04T07:52:59.850Z] Got a 401 Unauthenticated error for a call that required authentication. Refreshing tokens.
[debug] [2025-08-04T07:52:59.850Z] Checked if tokens are valid: false, expires at: 1753729175016
[debug] [2025-08-04T07:52:59.850Z] Checked if tokens are valid: false, expires at: 1753729175016
[debug] [2025-08-04T07:52:59.850Z] > refreshing access token with scopes: []
[debug] [2025-08-04T07:52:59.850Z] >>> [apiv2][query] POST https://www.googleapis.com/oauth2/v3/token [none]
[debug] [2025-08-04T07:52:59.850Z] >>> [apiv2][body] POST https://www.googleapis.com/oauth2/v3/token [omitted]
[debug] [2025-08-04T07:52:59.946Z] <<< [apiv2][status] POST https://www.googleapis.com/oauth2/v3/token 400
[debug] [2025-08-04T07:52:59.946Z] <<< [apiv2][body] POST https://www.googleapis.com/oauth2/v3/token [omitted]
[debug] [2025-08-04T07:52:59.947Z] Request to https://firebase.googleapis.com/v1beta1/projects/trial-a3a59 had HTTP Error: 401, Request had invalid authentication credentials. Expected OAuth 2 access token, login cookie or other valid authentication credential. See https://developers.google.com/identity/sign-in/web/devconsole-project.
[debug] [2025-08-04T07:53:00.211Z] FirebaseError: Request to https://firebase.googleapis.com/v1beta1/projects/trial-a3a59 had HTTP Error: 401, Request had invalid authentication credentials. Expected OAuth 2 access token, login cookie or other valid authentication credential. See https://developers.google.com/identity/sign-in/web/devconsole-project.
    at responseToError (C:\Users\KRISHNA\AppData\Roaming\npm\node_modules\firebase-tools\lib\responseToError.js:52:12)
    at RetryOperation._fn (C:\Users\KRISHNA\AppData\Roaming\npm\node_modules\firebase-tools\lib\apiv2.js:312:77)
    at process.processTicksAndRejections (node:internal/process/task_queues:105:5)
[error] 
[error] Error: Failed to get Firebase project trial-a3a59. Please make sure the project exists and your account has permission to access it.
